<?xml version="1.0" encoding="UTF-8"?>
<!-- Generated by org.testng.reporters.JUnitReportReporter -->
<testsuite hostname="DEL-PC-0214" failures="0" tests="2" name="com.qa.vigupta.tests.SubmitOrderTest" time="11.442" errors="0" timestamp="2023-11-03T15:54:34 IST" skipped="0">
  <testcase classname="com.qa.vigupta.tests.SubmitOrderTest" name="submitOrder" time="6.337"/>
  <system-out/>
  <testcase classname="com.qa.vigupta.tests.SubmitOrderTest" name="submitOrder" time="5.105"/>
  <system-out/>
</testsuite> <!-- com.qa.vigupta.tests.SubmitOrderTest -->
