<?xml version="1.0" encoding="UTF-8"?>
<!-- Generated by org.testng.reporters.JUnitReportReporter -->
<testsuite hostname="DEL-PC-0214" failures="0" tests="1" name="com.qa.vigupta.ErrorValidation" time="3.874" errors="0" timestamp="2023-09-21T16:39:59 IST" skipped="0">
  <testcase classname="com.qa.vigupta.ErrorValidation" name="errorValidation" time="3.874"/>
  <system-out/>
</testsuite> <!-- com.qa.vigupta.ErrorValidation -->
