<?xml version="1.0" encoding="UTF-8"?>
<!-- Generated by org.testng.reporters.JUnitReportReporter -->
<testsuite hostname="DEL-PC-0214" failures="0" tests="1" name="com.qa.vigupta.ErrorValidations" time="11.731" errors="0" timestamp="2023-09-25T17:56:20 IST" skipped="0">
  <testcase classname="com.qa.vigupta.ErrorValidations" name="errorValidation" time="11.731"/>
  <system-out/>
</testsuite> <!-- com.qa.vigupta.ErrorValidations -->
