<?xml version="1.0" encoding="UTF-8"?>
<!-- Generated by org.testng.reporters.JUnitReportReporter -->
<testsuite hostname="DEL-PC-0214" failures="0" tests="3" name="com.qa.vigupta.SubmitOrderTest" time="15.624" errors="0" timestamp="2023-10-04T19:57:37 IST" skipped="0">
  <testcase classname="com.qa.vigupta.SubmitOrderTest" name="submitOrder" time="5.134"/>
  <system-out/>
  <testcase classname="com.qa.vigupta.SubmitOrderTest" name="submitOrder" time="5.328"/>
  <system-out/>
  <testcase classname="com.qa.vigupta.SubmitOrderTest" name="OrderHistory" time="5.162"/>
  <system-out/>
</testsuite> <!-- com.qa.vigupta.SubmitOrderTest -->
